11.^
112v
.^<>
2v<>
22<>

11.^
112v
2^<>
.v<>
22<>

11.^
112v
2^<>
2v<>
.2<>

11.^
112v
2^<>
2v<>
2.<>

11.^
112v
2.<>
2^<>
2v<>

11.^
112v
2<>.
2^<>
2v<>

112^
11.v
2<>.
2^<>
2v<>

112.
11.^
2<>v
2^<>
2v<>

11.2
11.^
2<>v
2^<>
2v<>

.112
.11^
2<>v
2^<>
2v<>

.112
211^
.<>v
2^<>
2v<>

2112
.11^
.<>v
2^<>
2v<>

2112
.11^
2<>v
.^<>
2v<>

2112
211^
.<>v
.^<>
2v<>

2112
211^
.<>v
2^<>
.v<>

2112
211^
2<>v
.^<>
.v<>

2112
211^
2<>v
^.<>
v.<>

2112
211^
2<>v
^<>.
v.<>

2112
211.
2<>^
^<>v
v.<>

2112
211.
2<>^
^<>v
v<>.

2112
211.
2<>.
^<>^
v<>v

211.
2112
2<>.
^<>^
v<>v

211.
211.
2<>2
^<>^
v<>v

2.11
2.11
2<>2
^<>^
v<>v

2.11
.211
2<>2
^<>^
v<>v

2.11
2211
.<>2
^<>^
v<>v

2.11
2211
^<>2
v<>^
.<>v

.211
2211
^<>2
v<>^
.<>v

2211
.211
^<>2
v<>^
.<>v

2211
^211
v<>2
.<>^
.<>v

2211
^211
v<>2
<>.^
.<>v

2211
^211
v<>2
<>.^
<>.v

2211
^211
v<>2
<>^.
<>v.

2211
^211
v<>.
<>^2
<>v.

2211
^211
v.<>
<>^2
<>v.

2211
^.11
v2<>
<>^2
<>v.

2.11
^211
v2<>
<>^2
<>v.

.211
^211
v2<>
<>^2
<>v.

^211
v211
.2<>
<>^2
<>v.

^211
v211
2.<>
<>^2
<>v.

^211
v211
2<>.
<>^2
<>v.

^211
v211
2<>2
<>^.
<>v.

^211
v211
2<>2
<>.^
<>.v

^211
v211
2<>2
.<>^
<>.v

^211
v211
.<>2
2<>^
<>.v

^211
v211
<>.2
2<>^
<>.v

^211
v211
<>2.
2<>^
<>.v

^211
v211
<>2.
2<>^
.<>v

^211
v211
<>2.
.<>^
2<>v

^211
v211
<>2.
<>.^
2<>v

^211
v211
<>..
<>2^
2<>v

^211
v211
.<>.
<>2^
2<>v

^211
v211
..<>
<>2^
2<>v

^211
v211
<><>
..2^
2<>v

^211
v211
<><>
2.2^
.<>v

^211
v211
<><>
2.2^
<>.v

^211
v211
<><>
2..^
<>2v

^211
v211
<><>
.2.^
<>2v

^211
v211
<><>
..2^
<>2v

^211
v211
..<>
<>2^
<>2v

^211
v211
.<>.
<>2^
<>2v

^211
v211
.<>^
<>2v
<>2.

^211
v211
<>.^
<>2v
<>2.

^211
v211
<>2^
<>.v
<>2.

^211
v211
<>2^
<>2v
<>..

^211
v211
<>2^
<>2v
.<>.

^211
v211
<>2^
<>2v
..<>

^211
v211
<>2^
..2v
<><>

^211
v211
<>2^
.2.v
<><>

^211
v211
<>.^
.22v
<><>

^211
v211
.<>^
.22v
<><>

.211
^211
v<>^
.22v
<><>

2.11
^211
v<>^
.22v
<><>

2.11
.211
^<>^
v22v
<><>

2.11
2.11
^<>^
v22v
<><>

211.
211.
^<>^
v22v
<><>

211.
211^
^<>v
v22.
<><>

211^
211v
^<>.
v22.
<><>

211^
211v
^<>.
v2.2
<><>

211^
211v
^<>2
v2..
<><>

211^
211v
^<>2
v2<>
<>..

211^
211v
^<>2
v2<>
.<>.

211^
211v
.<>2
^2<>
v<>.

211^
211v
<>.2
^2<>
v<>.

211^
211v
<>.2
^2<>
v.<>

211^
211v
<>.2
^.<>
v2<>

211^
211v
<>2.
^.<>
v2<>

211^
211v
<>2.
^<>.
v2<>

211.
211^
<>2v
^<>.
v2<>

211.
211.
<>2^
^<>v
v2<>

2.11
2.11
<>2^
^<>v
v2<>

2.11
.211
<>2^
^<>v
v2<>

2211
..11
<>2^
^<>v
v2<>

2211
<>11
..2^
^<>v
v2<>

2211
<>11
^.2^
v<>v
.2<>

2211
<>11
^.2^
v<>v
2.<>

2211
<>11
^.2^
v<>v
2<>.

2211
<>11
^2.^
v<>v
2<>.

2211
<>11
^2..
v<>^
2<>v

22..
<>11
^211
v<>^
2<>v

2.2.
<>11
^211
v<>^
2<>v

2..2
<>11
^211
v<>^
2<>v

.2.2
<>11
^211
v<>^
2<>v

..22
<>11
^211
v<>^
2<>v

<>22
..11
^211
v<>^
2<>v

<>22
.211
^.11
v<>^
2<>v

<>22
2.11
^.11
v<>^
2<>v

<>22
211.
^11.
v<>^
2<>v

<>2.
2112
^11.
v<>^
2<>v

<>.2
2112
^11.
v<>^
2<>v

<>.2
211.
^112
v<>^
2<>v

<>..
2112
^112
v<>^
2<>v

.<>.
2112
^112
v<>^
2<>v

2<>.
.112
^112
v<>^
2<>v

2.<>
.112
^112
v<>^
2<>v

2.<>
^112
v112
.<>^
2<>v

2.<>
^112
v112
2<>^
.<>v

.2<>
^112
v112
2<>^
.<>v

^2<>
v112
.112
2<>^
.<>v

^2<>
v112
2112
.<>^
.<>v

^2<>
v112
2112
.<>^
<>.v

^2<>
v112
2112
<>.^
<>.v

^2<>
v112
2112
<>^.
<>v.

^2<>
v112
211.
<>^2
<>v.

^2<>
v11.
2112
<>^2
<>v.

^2<>
v11.
2112
<>^.
<>v2

^2<>
v11.
211.
<>^2
<>v2

^2<>
v.11
2.11
<>^2
<>v2

^.<>
v211
2.11
<>^2
<>v2

^.<>
v211
.211
<>^2
<>v2

..<>
^211
v211
<>^2
<>v2

.<>.
^211
v211
<>^2
<>v2

<>..
^211
v211
<>^2
<>v2

<>11
^211
v2..
<>^2
<>v2

<>11
^211
v2^.
<>v2
<>.2

<>11
^211
v2^2
<>v.
<>.2

<>11
^211
v2^2
<>v2
<>..

<>11
^211
v2^2
<>v2
.<>.

<>11
^211
v2^2
<>v2
..<>

<>11
^211
v2^2
..v2
<><>

<>11
.211
^2^2
v.v2
<><>

<>11
2.11
^2^2
v.v2
<><>

<>11
2211
^.^2
v.v2
<><>

<>11
2211
^^.2
vv.2
<><>

<>11
2211
^^2.
vv.2
<><>

<>11
2211
^^22
vv..
<><>

<>11
2211
^^22
vv<>
<>..

<>11
2211
^^22
vv<>
.<>.

<>11
2211
^^22
vv<>
..<>

<>11
2211
^.22
v^<>
.v<>

<>11
2.11
^222
v^<>
.v<>

<>11
.211
^222
v^<>
.v<>

<>11
^211
v222
.^<>
.v<>

<>11
^211
v222
^.<>
v.<>

<>11
^211
v.22
^2<>
v.<>

<>11
^211
v.22
^.<>
v2<>

<>11
^211
v2.2
^.<>
v2<>

<>11
^211
v..2
^2<>
v2<>

<>11
^211
v.2.
^2<>
v2<>

<>11
^211
v2..
^2<>
v2<>

<>11
^211
v2<>
^2..
v2<>

<>11
^211
v2<>
^2<>
v2..

<>11
^211
v2<>
^2<>
v.2.

<>11
^211
v2<>
^2<>
v..2

<>11
^211
v2<>
^.<>
v2.2

<>11
^211
v2<>
^.<>
v.22

<>11
^211
v2<>
.^<>
.v22

<>11
.211
^2<>
v^<>
.v22

<>11
.211
.2<>
^^<>
vv22

<>11
.211
2.<>
^^<>
vv22

<>11
.211
2<>.
^^<>
vv22

<>11
2211
.<>.
^^<>
vv22

<>11
2211
<>..
^^<>
vv22

<>..
2211
<>11
^^<>
vv22

.<>.
2211
<>11
^^<>
vv22

2<>.
.211
<>11
^^<>
vv22

2.<>
.211
<>11
^^<>
vv22

22<>
..11
<>11
^^<>
vv22

22<>
<>11
..11
^^<>
vv22

22<>
<>11
.^11
^v<>
v.22

22<>
<>11
.^11
^v<>
v2.2

22<>
<>11
^^11
vv<>
.2.2

22<>
<>11
^^11
vv<>
.22.

22<>
<>11
^^11
vv<>
2.2.

22<>
<>11
^^11
vv<>
22..

22<>
<>11
^^11
vv..
22<>

22<>
<>..
^^11
vv11
22<>

22<>
.<>.
^^11
vv11
22<>

.2<>
2<>.
^^11
vv11
22<>

.2<>
2.<>
^^11
vv11
22<>

..<>
22<>
^^11
vv11
22<>

.<>.
22<>
^^11
vv11
22<>

<>..
22<>
^^11
vv11
22<>

<><>
22..
^^11
vv11
22<>

<><>
2.2.
^^11
vv11
22<>

<><>
2..2
^^11
vv11
22<>

<><>
.2.2
^^11
vv11
22<>

<><>
..22
^^11
vv11
22<>

<><>
.^22
^v11
v.11
22<>

<><>
.^22
^v11
v211
2.<>

<><>
^^22
vv11
.211
2.<>

<><>
^^22
vv11
2211
..<>

<><>
^^22
vv11
2211
.<>.

<><>
^^22
vv11
2211
<>..

<><>
^^22
vv..
2211
<>11

<><>
^^2.
vv.2
2211
<>11

<><>
^^.2
vv.2
2211
<>11

<><>
^.^2
v.v2
2211
<>11

<><>
^.^2
v2v2
2.11
<>11

<><>
^.^2
v2v2
.211
<>11

<><>
..^2
^2v2
v211
<>11

..<>
<>^2
^2v2
v211
<>11

.<>.
<>^2
^2v2
v211
<>11

<>..
<>^2
^2v2
v211
<>11

<>.2
<>^.
^2v2
v211
<>11

<>.2
<>^2
^2v.
v211
<>11

<>^2
<>v2
^2..
v211
<>11

<>^2
<>v2
^211
v211
<>..

<>^2
<>v2
^211
v211
.<>.

<>^2
<>v2
.211
^211
v<>.

<>^2
<>v2
2.11
^211
v<>.

<>^2
<>v2
2.11
^211
v.<>

<>^2
<>v2
2.11
^.11
v2<>

<>^2
<>v2
211.
^11.
v2<>

<>^2
<>v.
2112
^11.
v2<>

<>^.
<>v2
2112
^11.
v2<>

<>^.
<>v2
211.
^112
v2<>

<>^.
<>v.
2112
^112
v2<>

<>.^
<>.v
2112
^112
v2<>

<>.^
.<>v
2112
^112
v2<>

<>.^
2<>v
.112
^112
v2<>

<>.^
2<>v
^112
v112
.2<>

<>.^
2<>v
^112
v112
2.<>

<>.^
2<>v
^112
v112
2<>.

.<>^
2<>v
^112
v112
2<>.

2<>^
.<>v
^112
v112
2<>.

2<>^
^<>v
v112
.112
2<>.

2<>^
^<>v
v112
.11.
2<>2

2<>^
^<>v
v11.
.112
2<>2

2<>^
^<>v
v11.
2112
.<>2

2<>^
^<>v
v11.
2112
<>.2

2<>^
^<>v
v11.
2112
<>2.

2<>^
^<>v
v11.
211.
<>22

2<>^
^<>v
v.11
2.11
<>22

2<>^
^<>v
v.11
.211
<>22

2<>^
^<>v
v211
..11
<>22

2<>^
^<>v
v211
<>11
..22

2<>^
^<>v
v211
<>11
.2.2

2<>^
^<>v
v211
<>11
2..2

2<>^
^<>v
v211
<>11
2.2.

2<>^
^<>v
v211
<>11
22..

2<>^
^<>v
v2..
<>11
2211

2<>.
^<>^
v2.v
<>11
2211

2.<>
^<>^
v2.v
<>11
2211

.2<>
^<>^
v2.v
<>11
2211

.2<>
^<>^
v.2v
<>11
2211

^2<>
v<>^
..2v
<>11
2211

^2<>
v<>^
<>2v
..11
2211

^2<>
v<>^
<>2v
2.11
.211

^2<>
v<>^
<>2v
2.11
2.11

^2<>
v<>^
<>2v
211.
211.

^2<>
v<>.
<>2^
211v
211.

^2<>
v.<>
<>2^
211v
211.

^2<>
v.<>
<>2.
211^
211v

^2<>
v.<>
<>.2
211^
211v

^.<>
v2<>
<>.2
211^
211v

^<>.
v2<>
<>.2
211^
211v

^<>.
v2<>
.<>2
211^
211v

.<>.
^2<>
v<>2
211^
211v

<>..
^2<>
v<>2
211^
211v

<><>
^2..
v<>2
211^
211v

<><>
^.2.
v<>2
211^
211v

<><>
^..2
v<>2
211^
211v

<><>
^<>2
v..2
211^
211v

<><>
^<>2
v.2.
211^
211v

<><>
^<>.
v.22
211^
211v

<><>
^.<>
v.22
211^
211v

<><>
.^<>
.v22
211^
211v

<><>
.^<>
2v22
.11^
211v

<><>
.^<>
2v22
211^
.11v

<><>
2^<>
.v22
211^
.11v

<><>
2^<>
2v22
.11^
.11v

<><>
2^<>
2v22
11.^
11.v

<><>
2^<>
2v.2
112^
11.v

<><>
2^<>
2v.2
11.^
112v

<><>
2^<>
2v2.
11.^
112v

<><>
2^<>
2v..
112^
112v

<><>
2^..
2v<>
112^
112v

<>..
2^<>
2v<>
112^
112v

.<>.
2^<>
2v<>
112^
112v

..<>
2^<>
2v<>
112^
112v

.^<>
2v<>
2.<>
112^
112v

.^<>
2v<>
.2<>
112^
112v

.^<>
.v<>
22<>
112^
112v

^.<>
v.<>
22<>
112^
112v

^.<>
v2<>
2.<>
112^
112v

^2<>
v.<>
2.<>
112^
112v

^2<>
v.<>
.2<>
112^
112v

^2<>
v2<>
..<>
112^
112v

^2<>
v2<>
.<>.
112^
112v

^2<>
v2<>
<>..
112^
112v

^2<>
v2..
<><>
112^
112v

^2<>
v.2.
<><>
112^
112v

^.<>
v22.
<><>
112^
112v

^<>.
v22.
<><>
112^
112v

^<>.
v2.2
<><>
112^
112v

^<>2
v2..
<><>
112^
112v

^<>2
v2<>
<>..
112^
112v

^<>2
v2<>
.<>.
112^
112v

^<>2
v2<>
..<>
112^
112v

^<>2
v.<>
.2<>
112^
112v

^<>2
v<>.
.2<>
112^
112v

^<>.
v<>2
.2<>
112^
112v

^<>.
v<>2
2.<>
112^
112v

^<>.
v<>2
2<>.
112^
112v

^<>.
v<>.
2<>2
112^
112v

^<>.
v.<>
2<>2
112^
112v

^.<>
v.<>
2<>2
112^
112v

.^<>
.v<>
2<>2
112^
112v

.^<>
2v<>
.<>2
112^
112v

.^<>
2v<>
<>.2
112^
112v

.^<>
2v<>
<>2.
112^
112v

.^<>
2v<>
<>2^
112v
112.

.^<>
2v<>
<>2^
112v
11.2

.^<>
2v<>
<>2^
11.v
1122

.^<>
2v<>
<>.^
112v
1122

.^<>
2v<>
.<>^
112v
1122

.^<>
.v<>
2<>^
112v
1122

^.<>
v.<>
2<>^
112v
1122

^.<>
v<>.
2<>^
112v
1122

^<>.
v<>.
2<>^
112v
1122

^<>.
v<>^
2<>v
112.
1122

^<>^
v<>v
2<>.
112.
1122

^<>^
v<>v
2<>.
1122
112.

^<>^
v<>v
2<>2
112.
112.

^<>^
v<>v
2<>2
11.2
112.

^<>^
v<>v
2<>2
11.2
11.2

^<>^
v<>v
2<>2
.112
.112

^<>^
v<>v
.<>2
2112
.112

.<>^
^<>v
v<>2
2112
.112

.<>^
^<>v
v<>2
.112
2112

.<>^
.<>v
^<>2
v112
2112

.<>^
<>.v
^<>2
v112
2112

<>.^
<>.v
^<>2
v112
2112

<>^.
<>v.
^<>2
v112
2112

<>^.
<>v2
^<>.
v112
2112

<>^.
<>v2
^<>2
v11.
2112

<>^2
<>v.
^<>2
v11.
2112

<>^2
<>v.
^<>2
v112
211.

<>^2
<>v2
^<>.
v112
211.

<>^2
<>v2
^<>2
v11.
211.

<>^2
<>v2
^<>2
v.11
2.11

<>^2
<>v2
^<>2
v.11
.211

<>^2
<>v2
.<>2
^.11
v211

<>^2
<>v2
<>.2
^.11
v211

<>.2
<>^2
<>v2
^.11
v211

<>.2
<>^2
<>v2
^211
v.11

<>2.
<>^2
<>v2
^211
v.11

<>22
<>^.
<>v2
^211
v.11

<>22
<>^2
<>v.
^211
v.11

