11<>
11^2
^^v2
vv22
.<>.

11<>
11^2
.^v2
^v22
v<>.

11<>
11^2
.^v2
^v22
v.<>

11<>
11^2
..v2
^^22
vv<>

..<>
11^2
11v2
^^22
vv<>

.<>.
11^2
11v2
^^22
vv<>

.<>2
11^.
11v2
^^22
vv<>

.<>2
11^2
11v.
^^22
vv<>

<>.2
11^2
11v.
^^22
vv<>

<>2.
11^2
11v.
^^22
vv<>

<>22
11^.
11v.
^^22
vv<>

<>22
11.^
11.v
^^22
vv<>

<>22
.11^
.11v
^^22
vv<>

<>22
.11^
^11v
v^22
.v<>

<>22
^11^
v11v
.^22
.v<>

<>22
^11^
v11v
^.22
v.<>

<>22
^11^
v11v
^2.2
v.<>

<>22
^11^
v11v
^22.
v.<>

<>22
^11.
v11^
^22v
v.<>

<>2.
^112
v11^
^22v
v.<>

<>2.
^112
v11^
^.2v
v2<>

<>.2
^112
v11^
^.2v
v2<>

<>.2
^112
v11^
^2.v
v2<>

.<>2
^112
v11^
^2.v
v2<>

^<>2
v112
.11^
^2.v
v2<>

^<>2
v112
^11^
v2.v
.2<>

^<>2
v112
^11^
v2.v
2.<>

^<>2
v112
^11^
v..v
22<>

^<>2
v..2
^11^
v11v
22<>

^<>2
v.2.
^11^
v11v
22<>

^<>.
v.22
^11^
v11v
22<>

^.<>
v.22
^11^
v11v
22<>

.^<>
.v22
^11^
v11v
22<>

.^<>
^v22
v11^
.11v
22<>

^^<>
vv22
.11^
.11v
22<>

^^<>
vv22
11.^
11.v
22<>

^^<>
vv.2
112^
11.v
22<>

^^<>
vv2.
112^
11.v
22<>

^^<>
vv2^
112v
11..
22<>

^^<>
vv2^
112v
11<>
22..

^^<>
vv2^
112v
11<>
2.2.

^^<>
vv2^
112v
11<>
2..2

^^<>
vv2^
112v
11<>
.2.2

^^<>
vv2^
112v
11<>
..22

^^<>
vv2^
..2v
11<>
1122

.^<>
^v2^
v.2v
11<>
1122

..<>
^^2^
vv2v
11<>
1122

.<>.
^^2^
vv2v
11<>
1122

.<>^
^^2v
vv2.
11<>
1122

<>.^
^^2v
vv2.
11<>
1122

<>2^
^^.v
vv2.
11<>
1122

<>2^
^^2v
vv..
11<>
1122

<>2^
^^2v
vv<>
11..
1122

<>2^
^^2v
vv<>
11.2
112.

<>2^
^^2v
vv<>
11.2
11.2

<>2^
^^2v
vv<>
.112
.112

<>2^
.^2v
^v<>
v112
.112

<>2^
.^2v
.v<>
^112
v112

<>2^
^.2v
v.<>
^112
v112

<>2^
^2.v
v.<>
^112
v112

<>.^
^22v
v.<>
^112
v112

<>.^
^22v
v<>.
^112
v112

.<>^
^22v
v<>.
^112
v112

^<>^
v22v
.<>.
^112
v112

^<>^
v22v
<>..
^112
v112

^<>^
v2.v
<>2.
^112
v112

^<>^
v2.v
<>.2
^112
v112

^<>^
v2.v
.<>2
^112
v112

.<>^
^2.v
v<>2
^112
v112

<>.^
^2.v
v<>2
^112
v112

<>^.
^2v.
v<>2
^112
v112

<>^.
^2v2
v<>.
^112
v112

<>^2
^2v.
v<>.
^112
v112

<>^2
^2v.
v.<>
^112
v112

<>^2
^.v.
v2<>
^112
v112

